2018-04-22 21:18:41 DEBUG vmcs - update drink panel.
2018-04-22 21:18:41 DEBUG vmcs - allow selection allow=true
2018-04-22 21:20:33 DEBUG vmcs - update drink panel.
2018-04-22 21:20:33 DEBUG vmcs - allow selection allow=true
2018-04-22 21:20:38 DEBUG vmcs - reset can
2018-04-22 21:20:38 DEBUG vmcs - allow selection allow=false
2018-04-22 21:20:38 DEBUG vmcs - receive coin paymentInfo=42.2
2018-04-22 21:20:38 DEBUG vmcs - continue receive.
2018-04-22 21:20:39 DEBUG vmcs - receive coin paymentInfo=42.2
2018-04-22 21:20:39 DEBUG vmcs - continue receive.
2018-04-22 21:20:40 DEBUG vmcs - receive coin paymentInfo=42.2
2018-04-22 21:20:40 DEBUG vmcs - store cash.
2018-04-22 21:20:40 DEBUG vmcs - allow selection allow=true
2018-04-22 21:20:50 DEBUG vmcs - allow selection allow=false
2018-04-22 21:26:30 DEBUG vmcs - update drink panel.
2018-04-22 21:26:30 DEBUG vmcs - allow selection allow=true
2018-04-22 21:32:20 DEBUG vmcs - update drink panel.
2018-04-22 21:32:20 DEBUG vmcs - allow selection allow=true
2018-04-22 21:33:28 DEBUG vmcs - reset can
2018-04-22 21:33:28 DEBUG vmcs - allow selection allow=false
2018-04-22 21:33:31 DEBUG vmcs - receive coin paymentInfo=42.2
2018-04-22 21:33:31 DEBUG vmcs - dispense drink selectedBrand=2
2018-04-22 21:33:31 DEBUG vmcs - store cash.
2018-04-22 21:33:31 DEBUG vmcs - allow selection allow=true
2018-04-22 21:33:51 DEBUG vmcs - update drink panel.
2018-04-22 21:33:51 DEBUG vmcs - allow selection allow=true
2018-04-22 21:34:34 DEBUG vmcs - update drink panel.
2018-04-22 21:34:34 DEBUG vmcs - allow selection allow=true
2018-04-22 21:34:40 DEBUG vmcs - reset can
2018-04-22 21:34:40 DEBUG vmcs - allow selection allow=false
2018-04-22 21:34:41 DEBUG vmcs - receive coin paymentInfo=42.2
2018-04-22 21:34:41 DEBUG vmcs - dispense drink selectedBrand=0
2018-04-22 21:34:41 DEBUG vmcs - store cash.
2018-04-22 21:34:41 DEBUG vmcs - allow selection allow=true
2018-04-22 21:35:02 DEBUG vmcs - update drink panel.
2018-04-22 21:35:02 DEBUG vmcs - allow selection allow=true
2018-04-22 21:35:47 DEBUG vmcs - update drink panel.
2018-04-22 21:35:47 DEBUG vmcs - allow selection allow=true
2018-04-22 21:36:15 DEBUG vmcs - update drink panel.
2018-04-22 21:36:15 DEBUG vmcs - allow selection allow=true
2018-04-22 21:36:55 DEBUG vmcs - update drink panel.
2018-04-22 21:36:55 DEBUG vmcs - allow selection allow=true
2018-04-22 21:39:09 DEBUG vmcs - update drink panel.
2018-04-22 21:39:09 DEBUG vmcs - allow selection allow=true
2018-04-22 21:40:39 DEBUG vmcs - update drink panel.
2018-04-22 21:40:39 DEBUG vmcs - allow selection allow=true
2018-04-22 21:42:30 DEBUG vmcs - update drink panel.
2018-04-22 21:42:30 DEBUG vmcs - allow selection allow=true
2018-04-24 21:19:52 DEBUG vmcs - update drink panel.
2018-04-24 21:19:52 DEBUG vmcs - allow selection allow=true
